Build started 25.02.2014 23:10:34.
     1>Project "C:\Users\Mark Tertishniy\Documents\Visual Studio 2012\Projects\MonsterQuest\MonsterQuest\MonsterQuest.vcxproj" on node 2 (Build target(s)).
     1>ClCompile:
         C:\Program Files\Microsoft Visual Studio 11.0\VC\bin\CL.exe /c /I"C:\Program Files\Wt 3.3.2 msvs2012 x86\include" /ZI /nologo /W3 /WX- /Od /Oy- /D WIN32 /D _DEBUG /D _CONSOLE /D _UNICODE /D UNICODE /Gm /EHsc /RTC1 /MDd /GS /fp:precise /Zc:wchar_t /Zc:forScope /Fo"Debug\\" /Fd"Debug\vc110.pdb" /Gd /TP /analyze- /errorReport:prompt index.cpp
         index.cpp
     1>c:\program files\wt 3.3.2 msvs2012 x86\include\wt\http\request(83): warning C4251: 'Wt::Http::UploadedFile::fileInfo_' : class 'boost::shared_ptr<T>' needs to have dll-interface to be used by clients of class 'Wt::Http::UploadedFile'
                 with
                 [
                     T=Wt::Http::UploadedFile::Impl
                 ]
     1>c:\program files\wt 3.3.2 msvs2012 x86\include\wt\http\request(414): warning C4251: 'Wt::Http::Request::cookies_' : class 'std::map<_Kty,_Ty>' needs to have dll-interface to be used by clients of class 'Wt::Http::Request'
                 with
                 [
                     _Kty=std::string,
                     _Ty=std::string
                 ]
     1>c:\program files\wt 3.3.2 msvs2012 x86\include\wt\wobject(238): warning C4275: non dll-interface class 'boost::signals::trackable' used as base for dll-interface class 'Wt::WObject'
                 c:\program files\wt 3.3.2 msvs2012 x86\include\boost\signals\trackable.hpp(30) : see declaration of 'boost::signals::trackable'
                 c:\program files\wt 3.3.2 msvs2012 x86\include\wt\wobject(237) : see declaration of 'Wt::WObject'
     1>c:\program files\wt 3.3.2 msvs2012 x86\include\wt\wobject(508): warning C4251: 'Wt::WObject::statelessSlots_' : class 'std::vector<_Ty>' needs to have dll-interface to be used by clients of class 'Wt::WObject'
                 with
                 [
                     _Ty=Wt::WStatelessSlot *
                 ]
     1>c:\program files\wt 3.3.2 msvs2012 x86\include\wt\wobject(512): warning C4251: 'Wt::WObject::name_' : class 'std::basic_string<_Elem,_Traits,_Alloc>' needs to have dll-interface to be used by clients of class 'Wt::WObject'
                 with
                 [
                     _Elem=char,
                     _Traits=std::char_traits<char>,
                     _Alloc=std::allocator<char>
                 ]
     1>c:\program files\wt 3.3.2 msvs2012 x86\include\wt\wobject(523): warning C4251: 'Wt::WObject::emptyObjectList_' : class 'std::vector<_Ty>' needs to have dll-interface to be used by clients of class 'Wt::WObject'
                 with
                 [
                     _Ty=Wt::WObject *
                 ]
     1>c:\program files\wt 3.3.2 msvs2012 x86\include\wt\wstring(531): warning C4251: 'Wt::WString::utf8_' : class 'std::basic_string<_Elem,_Traits,_Alloc>' needs to have dll-interface to be used by clients of class 'Wt::WString'
                 with
                 [
                     _Elem=char,
                     _Traits=std::char_traits<char>,
                     _Alloc=std::allocator<char>
                 ]
     1>c:\program files\wt 3.3.2 msvs2012 x86\include\wt\wstring(545): warning C4251: 'Wt::WString::stArguments_' : class 'std::vector<_Ty>' needs to have dll-interface to be used by clients of class 'Wt::WString'
                 with
                 [
                     _Ty=Wt::WString
                 ]
     1>c:\program files\wt 3.3.2 msvs2012 x86\include\wt\wanimation(173): warning C4251: 'Wt::WAnimation::effects_' : class 'Wt::WFlags<EnumType>' needs to have dll-interface to be used by clients of class 'Wt::WAnimation'
                 with
                 [
                     EnumType=Wt::WAnimation::AnimationEffect
                 ]
     1>c:\program files\wt 3.3.2 msvs2012 x86\include\wt\wsignal(92): warning C4275: non dll-interface class 'boost::noncopyable_::noncopyable' used as base for dll-interface class 'Wt::SignalBase'
                 c:\program files\wt 3.3.2 msvs2012 x86\include\boost\noncopyable.hpp(22) : see declaration of 'boost::noncopyable_::noncopyable'
                 c:\program files\wt 3.3.2 msvs2012 x86\include\wt\wsignal(91) : see declaration of 'Wt::SignalBase'
     1>c:\program files\wt 3.3.2 msvs2012 x86\include\wt\wsignal(563): warning C4251: 'Wt::EventSignalBase::connections_' : class 'std::vector<_Ty>' needs to have dll-interface to be used by clients of class 'Wt::EventSignalBase'
                 with
                 [
                     _Ty=Wt::EventSignalBase::StatelessConnection
                 ]
     1>c:\program files\wt 3.3.2 msvs2012 x86\include\wt\wsignal(564): warning C4251: 'Wt::EventSignalBase::flags_' : class 'std::bitset<_Bits>' needs to have dll-interface to be used by clients of class 'Wt::EventSignalBase'
                 with
                 [
                     _Bits=7
                 ]
     1>c:\program files\wt 3.3.2 msvs2012 x86\include\wt\wsignal(571): warning C4251: 'Wt::EventSignalBase::dummy_' : class 'boost::signal<Signature>' needs to have dll-interface to be used by clients of class 'Wt::EventSignalBase'
                 with
                 [
                     Signature=void (void)
                 ]
     1>c:\program files\wt 3.3.2 msvs2012 x86\include\wt\wevent(89): warning C4251: 'Wt::JavaScriptEvent::modifiers' : class 'Wt::WFlags<EnumType>' needs to have dll-interface to be used by clients of class 'Wt::JavaScriptEvent'
                 with
                 [
                     EnumType=Wt::KeyboardModifier
                 ]
     1>c:\program files\wt 3.3.2 msvs2012 x86\include\wt\wevent(92): warning C4251: 'Wt::JavaScriptEvent::touches' : class 'std::vector<_Ty>' needs to have dll-interface to be used by clients of class 'Wt::JavaScriptEvent'
                 with
                 [
                     _Ty=Wt::Touch
                 ]
     1>c:\program files\wt 3.3.2 msvs2012 x86\include\wt\wevent(92): warning C4251: 'Wt::JavaScriptEvent::targetTouches' : class 'std::vector<_Ty>' needs to have dll-interface to be used by clients of class 'Wt::JavaScriptEvent'
                 with
                 [
                     _Ty=Wt::Touch
                 ]
     1>c:\program files\wt 3.3.2 msvs2012 x86\include\wt\wevent(92): warning C4251: 'Wt::JavaScriptEvent::changedTouches' : class 'std::vector<_Ty>' needs to have dll-interface to be used by clients of class 'Wt::JavaScriptEvent'
                 with
                 [
                     _Ty=Wt::Touch
                 ]
     1>c:\program files\wt 3.3.2 msvs2012 x86\include\wt\wevent(101): warning C4251: 'Wt::JavaScriptEvent::type' : class 'std::basic_string<_Elem,_Traits,_Alloc>' needs to have dll-interface to be used by clients of class 'Wt::JavaScriptEvent'
                 with
                 [
                     _Elem=char,
                     _Traits=std::char_traits<char>,
                     _Alloc=std::allocator<char>
                 ]
     1>c:\program files\wt 3.3.2 msvs2012 x86\include\wt\wevent(104): warning C4251: 'Wt::JavaScriptEvent::tid' : class 'std::basic_string<_Elem,_Traits,_Alloc>' needs to have dll-interface to be used by clients of class 'Wt::JavaScriptEvent'
                 with
                 [
                     _Elem=char,
                     _Traits=std::char_traits<char>,
                     _Alloc=std::allocator<char>
                 ]
     1>c:\program files\wt 3.3.2 msvs2012 x86\include\wt\wevent(106): warning C4251: 'Wt::JavaScriptEvent::response' : class 'std::basic_string<_Elem,_Traits,_Alloc>' needs to have dll-interface to be used by clients of class 'Wt::JavaScriptEvent'
                 with
                 [
                     _Elem=char,
                     _Traits=std::char_traits<char>,
                     _Alloc=std::allocator<char>
                 ]
     1>c:\program files\wt 3.3.2 msvs2012 x86\include\wt\wevent(108): warning C4251: 'Wt::JavaScriptEvent::userEventArgs' : class 'std::vector<_Ty>' needs to have dll-interface to be used by clients of class 'Wt::JavaScriptEvent'
                 with
                 [
                     _Ty=std::string
                 ]
     1>c:\program files\wt 3.3.2 msvs2012 x86\include\wt\wevent(435): warning C4251: 'Wt::WDropEvent::dropMimeType_' : class 'std::basic_string<_Elem,_Traits,_Alloc>' needs to have dll-interface to be used by clients of class 'Wt::WDropEvent'
                 with
                 [
                     _Elem=char,
                     _Traits=std::char_traits<char>,
                     _Alloc=std::allocator<char>
                 ]
     1>c:\program files\wt 3.3.2 msvs2012 x86\include\wt\wexception(42): warning C4251: 'Wt::WException::what_' : class 'std::basic_string<_Elem,_Traits,_Alloc>' needs to have dll-interface to be used by clients of class 'Wt::WException'
                 with
                 [
                     _Elem=char,
                     _Traits=std::char_traits<char>,
                     _Alloc=std::allocator<char>
                 ]
     1>c:\program files\wt 3.3.2 msvs2012 x86\include\wt\wstringstream(210): warning C4251: 'Wt::WStringStream::bufs_' : class 'std::vector<_Ty>' needs to have dll-interface to be used by clients of class 'Wt::WStringStream'
                 with
                 [
                     _Ty=std::pair<char *,int>
                 ]
     1>c:\program files\wt 3.3.2 msvs2012 x86\include\wt\wlogger(227): warning C4251: 'Wt::WLogger::fields_' : class 'std::vector<_Ty>' needs to have dll-interface to be used by clients of class 'Wt::WLogger'
                 with
                 [
                     _Ty=Wt::WLogger::Field
                 ]
     1>c:\program files\wt 3.3.2 msvs2012 x86\include\wt\wlogger(235): warning C4251: 'Wt::WLogger::rules_' : class 'std::vector<_Ty>' needs to have dll-interface to be used by clients of class 'Wt::WLogger'
                 with
                 [
                     _Ty=Wt::WLogger::Rule
                 ]
     1>c:\program files\wt 3.3.2 msvs2012 x86\include\wt\wjavascript(384): warning C4251: 'Wt::JSignal<>::name_' : class 'std::basic_string<_Elem,_Traits,_Alloc>' needs to have dll-interface to be used by clients of class 'Wt::JSignal<>'
                 with
                 [
                     _Elem=char,
                     _Traits=std::char_traits<char>,
                     _Alloc=std::allocator<char>
                 ]
     1>c:\program files\wt 3.3.2 msvs2012 x86\include\wt\wjavascript(384): warning C4251: 'Wt::JSignal<>::senderId_' : class 'std::basic_string<_Elem,_Traits,_Alloc>' needs to have dll-interface to be used by clients of class 'Wt::JSignal<>'
                 with
                 [
                     _Elem=char,
                     _Traits=std::char_traits<char>,
                     _Alloc=std::allocator<char>
                 ]
     1>c:\program files\wt 3.3.2 msvs2012 x86\include\wt\wwidget(74): warning C4275: non dll-interface class 'boost::noncopyable_::noncopyable' used as base for dll-interface class 'Wt::WWidget'
                 c:\program files\wt 3.3.2 msvs2012 x86\include\boost\noncopyable.hpp(22) : see declaration of 'boost::noncopyable_::noncopyable'
                 c:\program files\wt 3.3.2 msvs2012 x86\include\wt\wwidget(70) : see declaration of 'Wt::WWidget'
     1>c:\program files\wt 3.3.2 msvs2012 x86\include\wt\wwidget(1176): warning C4251: 'Wt::WWidget::flags_' : class 'std::bitset<_Bits>' needs to have dll-interface to be used by clients of class 'Wt::WWidget'
                 with
                 [
                     _Bits=6
                 ]
     1>c:\program files\wt 3.3.2 msvs2012 x86\include\wt\wwidget(1178): warning C4251: 'Wt::WWidget::eventSignals_' : class 'std::list<_Ty>' needs to have dll-interface to be used by clients of class 'Wt::WWidget'
                 with
                 [
                     _Ty=Wt::EventSignalBase *
                 ]
     1>c:\program files\wt 3.3.2 msvs2012 x86\include\wt\wwebwidget(324): warning C4251: 'Wt::WWebWidget::AllChangeFlags' : class 'std::bitset<_Bits>' needs to have dll-interface to be used by clients of class 'Wt::WWebWidget'
                 with
                 [
                     _Bits=28
                 ]
     1>c:\program files\wt 3.3.2 msvs2012 x86\include\wt\wwebwidget(330): warning C4251: 'Wt::WWebWidget::flags_' : class 'std::bitset<_Bits>' needs to have dll-interface to be used by clients of class 'Wt::WWebWidget'
                 with
                 [
                     _Bits=28
                 ]
     1>c:\program files\wt 3.3.2 msvs2012 x86\include\wt\wwebwidget(433): warning C4251: 'Wt::WWebWidget::emptyWidgetList_' : class 'std::vector<_Ty>' needs to have dll-interface to be used by clients of class 'Wt::WWebWidget'
                 with
                 [
                     _Ty=Wt::WWidget *
                 ]
     1>c:\program files\wt 3.3.2 msvs2012 x86\include\wt\wlink(162): warning C4251: 'Wt::WLink::value_' : class 'boost::variant<T0_,T1>' needs to have dll-interface to be used by clients of class 'Wt::WLink'
                 with
                 [
                     T0_=std::string,
                     T1=Wt::WResource *
                 ]
     1>c:\program files\wt 3.3.2 msvs2012 x86\include\wt\wcssdecorationstyle(216): warning C4251: 'Wt::WCssDecorationStyle::cursorImage_' : class 'std::basic_string<_Elem,_Traits,_Alloc>' needs to have dll-interface to be used by clients of class 'Wt::WCssDecorationStyle'
                 with
                 [
                     _Elem=char,
                     _Traits=std::char_traits<char>,
                     _Alloc=std::allocator<char>
                 ]
     1>c:\program files\wt 3.3.2 msvs2012 x86\include\wt\wcssdecorationstyle(222): warning C4251: 'Wt::WCssDecorationStyle::backgroundImageLocation_' : class 'Wt::WFlags<EnumType>' needs to have dll-interface to be used by clients of class 'Wt::WCssDecorationStyle'
                 with
                 [
                     EnumType=Wt::Side
                 ]
     1>c:\program files\wt 3.3.2 msvs2012 x86\include\wt\wcssdecorationstyle(224): warning C4251: 'Wt::WCssDecorationStyle::textDecoration_' : class 'Wt::WFlags<EnumType>' needs to have dll-interface to be used by clients of class 'Wt::WCssDecorationStyle'
                 with
                 [
                     EnumType=Wt::WCssDecorationStyle::TextDecoration
                 ]
     1>c:\program files\wt 3.3.2 msvs2012 x86\include\wt\wcssstylesheet(71): warning C4251: 'Wt::WCssRule::selector_' : class 'std::basic_string<_Elem,_Traits,_Alloc>' needs to have dll-interface to be used by clients of class 'Wt::WCssRule'
                 with
                 [
                     _Elem=char,
                     _Traits=std::char_traits<char>,
                     _Alloc=std::allocator<char>
                 ]
     1>c:\program files\wt 3.3.2 msvs2012 x86\include\wt\wcssstylesheet(278): warning C4251: 'Wt::WCssStyleSheet::media_' : class 'std::basic_string<_Elem,_Traits,_Alloc>' needs to have dll-interface to be used by clients of class 'Wt::WCssStyleSheet'
                 with
                 [
                     _Elem=char,
                     _Traits=std::char_traits<char>,
                     _Alloc=std::allocator<char>
                 ]
     1>c:\program files\wt 3.3.2 msvs2012 x86\include\wt\wcssstylesheet(280): warning C4251: 'Wt::WCssStyleSheet::rules_' : class 'std::vector<_Ty>' needs to have dll-interface to be used by clients of class 'Wt::WCssStyleSheet'
                 with
                 [
                     _Ty=Wt::WCssRule *
                 ]
     1>c:\program files\wt 3.3.2 msvs2012 x86\include\wt\wcssstylesheet(281): warning C4251: 'Wt::WCssStyleSheet::rulesAdded_' : class 'std::vector<_Ty>' needs to have dll-interface to be used by clients of class 'Wt::WCssStyleSheet'
                 with
                 [
                     _Ty=Wt::WCssRule *
                 ]
     1>c:\program files\wt 3.3.2 msvs2012 x86\include\wt\wcssstylesheet(283): warning C4251: 'Wt::WCssStyleSheet::rulesModified_' : class 'std::set<_Kty>' needs to have dll-interface to be used by clients of class 'Wt::WCssStyleSheet'
                 with
                 [
                     _Kty=Wt::WCssRule *
                 ]
     1>c:\program files\wt 3.3.2 msvs2012 x86\include\wt\wcssstylesheet(284): warning C4251: 'Wt::WCssStyleSheet::rulesRemoved_' : class 'std::vector<_Ty>' needs to have dll-interface to be used by clients of class 'Wt::WCssStyleSheet'
                 with
                 [
                     _Ty=std::string
                 ]
     1>c:\program files\wt 3.3.2 msvs2012 x86\include\wt\wcssstylesheet(286): warning C4251: 'Wt::WCssStyleSheet::defined_' : class 'std::set<_Kty>' needs to have dll-interface to be used by clients of class 'Wt::WCssStyleSheet'
                 with
                 [
                     _Kty=std::string
                 ]
     1>c:\program files\wt 3.3.2 msvs2012 x86\include\wt\wlocale(210): warning C4251: 'Wt::WLocale::name_' : class 'std::basic_string<_Elem,_Traits,_Alloc>' needs to have dll-interface to be used by clients of class 'Wt::WLocale'
                 with
                 [
                     _Elem=char,
                     _Traits=std::char_traits<char>,
                     _Alloc=std::allocator<char>
                 ]
     1>c:\program files\wt 3.3.2 msvs2012 x86\include\wt\wlocale(211): warning C4251: 'Wt::WLocale::decimalPoint_' : class 'std::basic_string<_Elem,_Traits,_Alloc>' needs to have dll-interface to be used by clients of class 'Wt::WLocale'
                 with
                 [
                     _Elem=char,
                     _Traits=std::char_traits<char>,
                     _Alloc=std::allocator<char>
                 ]
     1>c:\program files\wt 3.3.2 msvs2012 x86\include\wt\wlocale(211): warning C4251: 'Wt::WLocale::groupSeparator_' : class 'std::basic_string<_Elem,_Traits,_Alloc>' needs to have dll-interface to be used by clients of class 'Wt::WLocale'
                 with
                 [
                     _Elem=char,
                     _Traits=std::char_traits<char>,
                     _Alloc=std::allocator<char>
                 ]
     1>c:\program files\wt 3.3.2 msvs2012 x86\include\wt\wlocale(214): warning C4251: 'Wt::WLocale::time_zone_' : class 'boost::shared_ptr<T>' needs to have dll-interface to be used by clients of class 'Wt::WLocale'
                 with
                 [
                     T=boost::date_time::time_zone_base<boost::posix_time::ptime,char>
                 ]
     1>c:\program files\wt 3.3.2 msvs2012 x86\include\wt\wmessageresourcebundle(171): warning C4251: 'Wt::WMessageResourceBundle::messageResources_' : class 'std::vector<_Ty>' needs to have dll-interface to be used by clients of class 'Wt::WMessageResourceBundle'
                 with
                 [
                     _Ty=Wt::WMessageResources *
                 ]
     1>c:\program files\wt 3.3.2 msvs2012 x86\include\wt\wapplication(2094): warning C4251: 'Wt::WApplication::requestTooLarge_' : class 'Wt::Signal<A1>' needs to have dll-interface to be used by clients of class 'Wt::WApplication'
                 with
                 [
                     A1=int64_t
                 ]
     1>c:\program files\wt 3.3.2 msvs2012 x86\include\wt\wapplication(2144): warning C4251: 'Wt::WApplication::weakSession_' : class 'boost::weak_ptr<T>' needs to have dll-interface to be used by clients of class 'Wt::WApplication'
                 with
                 [
                     T=Wt::WebSession
                 ]
     1>c:\program files\wt 3.3.2 msvs2012 x86\include\wt\wapplication(2156): warning C4251: 'Wt::WApplication::oldInternalPath_' : class 'std::basic_string<_Elem,_Traits,_Alloc>' needs to have dll-interface to be used by clients of class 'Wt::WApplication'
                 with
                 [
                     _Elem=char,
                     _Traits=std::char_traits<char>,
                     _Alloc=std::allocator<char>
                 ]
     1>c:\program files\wt 3.3.2 msvs2012 x86\include\wt\wapplication(2156): warning C4251: 'Wt::WApplication::newInternalPath_' : class 'std::basic_string<_Elem,_Traits,_Alloc>' needs to have dll-interface to be used by clients of class 'Wt::WApplication'
                 with
                 [
                     _Elem=char,
                     _Traits=std::char_traits<char>,
                     _Alloc=std::allocator<char>
                 ]
     1>c:\program files\wt 3.3.2 msvs2012 x86\include\wt\wapplication(2157): warning C4251: 'Wt::WApplication::internalPathChanged_' : class 'Wt::Signal<A1>' needs to have dll-interface to be used by clients of class 'Wt::WApplication'
                 with
                 [
                     A1=std::string
                 ]
     1>c:\program files\wt 3.3.2 msvs2012 x86\include\wt\wapplication(2157): warning C4251: 'Wt::WApplication::internalPathInvalid_' : class 'Wt::Signal<A1>' needs to have dll-interface to be used by clients of class 'Wt::WApplication'
                 with
                 [
                     A1=std::string
                 ]
     1>c:\program files\wt 3.3.2 msvs2012 x86\include\wt\wapplication(2165): warning C4251: 'Wt::WApplication::javaScriptClass_' : class 'std::basic_string<_Elem,_Traits,_Alloc>' needs to have dll-interface to be used by clients of class 'Wt::WApplication'
                 with
                 [
                     _Elem=char,
                     _Traits=std::char_traits<char>,
                     _Alloc=std::allocator<char>
                 ]
     1>c:\program files\wt 3.3.2 msvs2012 x86\include\wt\wapplication(2168): warning C4251: 'Wt::WApplication::onePixelGifUrl_' : class 'std::basic_string<_Elem,_Traits,_Alloc>' needs to have dll-interface to be used by clients of class 'Wt::WApplication'
                 with
                 [
                     _Elem=char,
                     _Traits=std::char_traits<char>,
                     _Alloc=std::allocator<char>
                 ]
     1>c:\program files\wt 3.3.2 msvs2012 x86\include\wt\wapplication(2174): warning C4251: 'Wt::WApplication::htmlClass_' : class 'std::basic_string<_Elem,_Traits,_Alloc>' needs to have dll-interface to be used by clients of class 'Wt::WApplication'
                 with
                 [
                     _Elem=char,
                     _Traits=std::char_traits<char>,
                     _Alloc=std::allocator<char>
                 ]
     1>c:\program files\wt 3.3.2 msvs2012 x86\include\wt\wapplication(2174): warning C4251: 'Wt::WApplication::bodyClass_' : class 'std::basic_string<_Elem,_Traits,_Alloc>' needs to have dll-interface to be used by clients of class 'Wt::WApplication'
                 with
                 [
                     _Elem=char,
                     _Traits=std::char_traits<char>,
                     _Alloc=std::allocator<char>
                 ]
     1>c:\program files\wt 3.3.2 msvs2012 x86\include\wt\wapplication(2180): warning C4251: 'Wt::WApplication::focusId_' : class 'std::basic_string<_Elem,_Traits,_Alloc>' needs to have dll-interface to be used by clients of class 'Wt::WApplication'
                 with
                 [
                     _Elem=char,
                     _Traits=std::char_traits<char>,
                     _Alloc=std::allocator<char>
                 ]
     1>c:\program files\wt 3.3.2 msvs2012 x86\include\wt\wapplication(2184): warning C4251: 'Wt::WApplication::scriptLibraries_' : class 'std::vector<_Ty>' needs to have dll-interface to be used by clients of class 'Wt::WApplication'
                 with
                 [
                     _Ty=Wt::WApplication::ScriptLibrary
                 ]
     1>c:\program files\wt 3.3.2 msvs2012 x86\include\wt\wapplication(2188): warning C4251: 'Wt::WApplication::styleSheets_' : class 'std::vector<_Ty>' needs to have dll-interface to be used by clients of class 'Wt::WApplication'
                 with
                 [
                     _Ty=Wt::WCssStyleSheet
                 ]
     1>c:\program files\wt 3.3.2 msvs2012 x86\include\wt\wapplication(2191): warning C4251: 'Wt::WApplication::metaHeaders_' : class 'std::vector<_Ty>' needs to have dll-interface to be used by clients of class 'Wt::WApplication'
                 with
                 [
                     _Ty=Wt::WApplication::MetaHeader
                 ]
     1>c:\program files\wt 3.3.2 msvs2012 x86\include\wt\wapplication(2192): warning C4251: 'Wt::WApplication::metaLinks_' : class 'std::vector<_Ty>' needs to have dll-interface to be used by clients of class 'Wt::WApplication'
                 with
                 [
                     _Ty=Wt::WApplication::MetaLink
                 ]
     1>c:\program files\wt 3.3.2 msvs2012 x86\include\wt\wapplication(2194): warning C4251: 'Wt::WApplication::exposedSignals_' : class 'std::map<_Kty,_Ty>' needs to have dll-interface to be used by clients of class 'Wt::WApplication'
                 with
                 [
                     _Kty=std::string,
                     _Ty=Wt::EventSignalBase *
                 ]
     1>c:\program files\wt 3.3.2 msvs2012 x86\include\wt\wapplication(2195): warning C4251: 'Wt::WApplication::exposedResources_' : class 'std::map<_Kty,_Ty>' needs to have dll-interface to be used by clients of class 'Wt::WApplication'
                 with
                 [
                     _Kty=std::string,
                     _Ty=Wt::WResource *
                 ]
     1>c:\program files\wt 3.3.2 msvs2012 x86\include\wt\wapplication(2196): warning C4251: 'Wt::WApplication::encodedObjects_' : class 'std::map<_Kty,_Ty>' needs to have dll-interface to be used by clients of class 'Wt::WApplication'
                 with
                 [
                     _Kty=std::string,
                     _Ty=Wt::WObject *
                 ]
     1>c:\program files\wt 3.3.2 msvs2012 x86\include\wt\wapplication(2202): warning C4251: 'Wt::WApplication::afterLoadJavaScript_' : class 'std::basic_string<_Elem,_Traits,_Alloc>' needs to have dll-interface to be used by clients of class 'Wt::WApplication'
                 with
                 [
                     _Elem=char,
                     _Traits=std::char_traits<char>,
                     _Alloc=std::allocator<char>
                 ]
     1>c:\program files\wt 3.3.2 msvs2012 x86\include\wt\wapplication(2202): warning C4251: 'Wt::WApplication::beforeLoadJavaScript_' : class 'std::basic_string<_Elem,_Traits,_Alloc>' needs to have dll-interface to be used by clients of class 'Wt::WApplication'
                 with
                 [
                     _Elem=char,
                     _Traits=std::char_traits<char>,
                     _Alloc=std::allocator<char>
                 ]
     1>c:\program files\wt 3.3.2 msvs2012 x86\include\wt\wapplication(2204): warning C4251: 'Wt::WApplication::autoJavaScript_' : class 'std::basic_string<_Elem,_Traits,_Alloc>' needs to have dll-interface to be used by clients of class 'Wt::WApplication'
                 with
                 [
                     _Elem=char,
                     _Traits=std::char_traits<char>,
                     _Alloc=std::allocator<char>
                 ]
     1>c:\program files\wt 3.3.2 msvs2012 x86\include\wt\wapplication(2208): warning C4251: 'Wt::WApplication::javaScriptPreamble_' : class 'std::vector<_Ty>' needs to have dll-interface to be used by clients of class 'Wt::WApplication'
                 with
                 [
                     _Ty=Wt::WJavaScriptPreamble
                 ]
     1>c:\program files\wt 3.3.2 msvs2012 x86\include\wt\wapplication(2213): warning C4251: 'Wt::WApplication::javaScriptLoaded_' : class 'std::set<_Kty>' needs to have dll-interface to be used by clients of class 'Wt::WApplication'
                 with
                 [
                     _Kty=const char *
                 ]
     1>c:\program files\wt 3.3.2 msvs2012 x86\include\wt\wapplication(2216): warning C4251: 'Wt::WApplication::showLoadingIndicator_' : class 'Wt::EventSignal<>' needs to have dll-interface to be used by clients of class 'Wt::WApplication'
     1>c:\program files\wt 3.3.2 msvs2012 x86\include\wt\wapplication(2216): warning C4251: 'Wt::WApplication::hideLoadingIndicator_' : class 'Wt::EventSignal<>' needs to have dll-interface to be used by clients of class 'Wt::WApplication'
     1>c:\program files\wt 3.3.2 msvs2012 x86\include\wt\wapplication(2219): warning C4251: 'Wt::WApplication::objectStore_' : class 'std::map<_Kty,_Ty>' needs to have dll-interface to be used by clients of class 'Wt::WApplication'
                 with
                 [
                     _Kty=const char *,
                     _Ty=boost::any
                 ]
     1>c:\program files\wt 3.3.2 msvs2012 x86\include\wt\wcontainerwidget(367): warning C4251: 'Wt::WContainerWidget::flags_' : class 'std::bitset<_Bits>' needs to have dll-interface to be used by clients of class 'Wt::WContainerWidget'
                 with
                 [
                     _Bits=8
                 ]
     1>c:\program files\wt 3.3.2 msvs2012 x86\include\wt\wcontainerwidget(368): warning C4251: 'Wt::WContainerWidget::contentAlignment_' : class 'Wt::WFlags<EnumType>' needs to have dll-interface to be used by clients of class 'Wt::WContainerWidget'
                 with
                 [
                     EnumType=Wt::AlignmentFlag
                 ]
     1>c:\program files\wt 3.3.2 msvs2012 x86\include\wt\wvalidator(211): warning C4251: 'Wt::WValidator::formWidgets_' : class 'std::vector<_Ty>' needs to have dll-interface to be used by clients of class 'Wt::WValidator'
                 with
                 [
                     _Ty=Wt::WFormWidget *
                 ]
     1>c:\program files\wt 3.3.2 msvs2012 x86\include\wt\wformwidget(226): warning C4251: 'Wt::WFormWidget::flags_' : class 'std::bitset<_Bits>' needs to have dll-interface to be used by clients of class 'Wt::WFormWidget'
                 with
                 [
                     _Bits=7
                 ]
     1>c:\program files\wt 3.3.2 msvs2012 x86\include\wt\wformwidget(228): warning C4251: 'Wt::WFormWidget::validated_' : class 'Wt::Signal<A1>' needs to have dll-interface to be used by clients of class 'Wt::WFormWidget'
                 with
                 [
                     A1=Wt::WValidator::Result
                 ]
     1>c:\program files\wt 3.3.2 msvs2012 x86\include\wt\wlineedit(203): warning C4251: 'Wt::WLineEdit::flags_' : class 'std::bitset<_Bits>' needs to have dll-interface to be used by clients of class 'Wt::WLineEdit'
                 with
                 [
                     _Bits=5
                 ]
     1>c:\program files\wt 3.3.2 msvs2012 x86\include\wt\wanchor(343): warning C4251: 'Wt::WAnchor::flags_' : class 'std::bitset<_Bits>' needs to have dll-interface to be used by clients of class 'Wt::WAnchor'
                 with
                 [
                     _Bits=2
                 ]
     1>c:\program files\wt 3.3.2 msvs2012 x86\include\wt\wtext(268): warning C4251: 'Wt::WText::text_' : struct 'Wt::WText::RichText' needs to have dll-interface to be used by clients of class 'Wt::WText'
                 c:\program files\wt 3.3.2 msvs2012 x86\include\wt\wtext(256) : see declaration of 'Wt::WText::RichText'
     1>c:\program files\wt 3.3.2 msvs2012 x86\include\wt\wtext(280): warning C4251: 'Wt::WText::flags_' : class 'std::bitset<_Bits>' needs to have dll-interface to be used by clients of class 'Wt::WText'
                 with
                 [
                     _Bits=9
                 ]
     1>c:\program files\wt 3.3.2 msvs2012 x86\include\wt\wpushbutton(319): warning C4251: 'Wt::WPushButton::text_' : struct 'Wt::WText::RichText' needs to have dll-interface to be used by clients of class 'Wt::WPushButton'
                 c:\program files\wt 3.3.2 msvs2012 x86\include\wt\wtext(256) : see declaration of 'Wt::WText::RichText'
     1>c:\program files\wt 3.3.2 msvs2012 x86\include\wt\wpushbutton(322): warning C4251: 'Wt::WPushButton::flags_' : class 'std::bitset<_Bits>' needs to have dll-interface to be used by clients of class 'Wt::WPushButton'
                 with
                 [
                     _Bits=8
                 ]
     1>c:\program files\wt 3.3.2 msvs2012 x86\include\wt\dbo\sqlconnection(240): warning C4251: 'Wt::Dbo::SqlConnection::statementCache_' : class 'std::map<_Kty,_Ty>' needs to have dll-interface to be used by clients of class 'Wt::Dbo::SqlConnection'
                 with
                 [
                     _Kty=std::string,
                     _Ty=Wt::Dbo::SqlStatement *
                 ]
     1>c:\program files\wt 3.3.2 msvs2012 x86\include\wt\dbo\sqlconnection(241): warning C4251: 'Wt::Dbo::SqlConnection::properties_' : class 'std::map<_Kty,_Ty>' needs to have dll-interface to be used by clients of class 'Wt::Dbo::SqlConnection'
                 with
                 [
                     _Kty=std::string,
                     _Ty=std::string
                 ]
     1>c:\program files\wt 3.3.2 msvs2012 x86\include\wt\dbo\backend\mysql(149): warning C4251: 'Wt::Dbo::backend::MySQL::dbname_' : class 'std::basic_string<_Elem,_Traits,_Alloc>' needs to have dll-interface to be used by clients of class 'Wt::Dbo::backend::MySQL'
                 with
                 [
                     _Elem=char,
                     _Traits=std::char_traits<char>,
                     _Alloc=std::allocator<char>
                 ]
     1>c:\program files\wt 3.3.2 msvs2012 x86\include\wt\dbo\backend\mysql(150): warning C4251: 'Wt::Dbo::backend::MySQL::dbuser_' : class 'std::basic_string<_Elem,_Traits,_Alloc>' needs to have dll-interface to be used by clients of class 'Wt::Dbo::backend::MySQL'
                 with
                 [
                     _Elem=char,
                     _Traits=std::char_traits<char>,
                     _Alloc=std::allocator<char>
                 ]
     1>c:\program files\wt 3.3.2 msvs2012 x86\include\wt\dbo\backend\mysql(151): warning C4251: 'Wt::Dbo::backend::MySQL::dbpasswd_' : class 'std::basic_string<_Elem,_Traits,_Alloc>' needs to have dll-interface to be used by clients of class 'Wt::Dbo::backend::MySQL'
                 with
                 [
                     _Elem=char,
                     _Traits=std::char_traits<char>,
                     _Alloc=std::allocator<char>
                 ]
     1>c:\program files\wt 3.3.2 msvs2012 x86\include\wt\dbo\backend\mysql(152): warning C4251: 'Wt::Dbo::backend::MySQL::dbhost_' : class 'std::basic_string<_Elem,_Traits,_Alloc>' needs to have dll-interface to be used by clients of class 'Wt::Dbo::backend::MySQL'
                 with
                 [
                     _Elem=char,
                     _Traits=std::char_traits<char>,
                     _Alloc=std::allocator<char>
                 ]
     1>c:\program files\wt 3.3.2 msvs2012 x86\include\wt\dbo\backend\mysql(153): warning C4251: 'Wt::Dbo::backend::MySQL::dbsocket_' : class 'std::basic_string<_Elem,_Traits,_Alloc>' needs to have dll-interface to be used by clients of class 'Wt::Dbo::backend::MySQL'
                 with
                 [
                     _Elem=char,
                     _Traits=std::char_traits<char>,
                     _Alloc=std::allocator<char>
                 ]
     1>c:\program files\wt 3.3.2 msvs2012 x86\include\wt\dbo\backend\mysql(157): warning C4251: 'Wt::Dbo::backend::MySQL::dateType_' : class 'std::basic_string<_Elem,_Traits,_Alloc>' needs to have dll-interface to be used by clients of class 'Wt::Dbo::backend::MySQL'
                 with
                 [
                     _Elem=char,
                     _Traits=std::char_traits<char>,
                     _Alloc=std::allocator<char>
                 ]
     1>c:\program files\wt 3.3.2 msvs2012 x86\include\wt\dbo\backend\mysql(157): warning C4251: 'Wt::Dbo::backend::MySQL::timeType_' : class 'std::basic_string<_Elem,_Traits,_Alloc>' needs to have dll-interface to be used by clients of class 'Wt::Dbo::backend::MySQL'
                 with
                 [
                     _Elem=char,
                     _Traits=std::char_traits<char>,
                     _Alloc=std::allocator<char>
                 ]
     1>c:\program files\wt 3.3.2 msvs2012 x86\include\wt\wenvironment(655): warning C4251: 'Wt::WEnvironment::queryString_' : class 'std::basic_string<_Elem,_Traits,_Alloc>' needs to have dll-interface to be used by clients of class 'Wt::WEnvironment'
                 with
                 [
                     _Elem=char,
                     _Traits=std::char_traits<char>,
                     _Alloc=std::allocator<char>
                 ]
     1>c:\program files\wt 3.3.2 msvs2012 x86\include\wt\wenvironment(658): warning C4251: 'Wt::WEnvironment::parameters_' : class 'std::map<_Kty,_Ty>' needs to have dll-interface to be used by clients of class 'Wt::WEnvironment'
                 with
                 [
                     _Kty=std::string,
                     _Ty=Wt::Http::ParameterValues
                 ]
     1>c:\program files\wt 3.3.2 msvs2012 x86\include\wt\wenvironment(659): warning C4251: 'Wt::WEnvironment::cookies_' : class 'std::map<_Kty,_Ty>' needs to have dll-interface to be used by clients of class 'Wt::WEnvironment'
                 with
                 [
                     _Kty=std::string,
                     _Ty=std::string
                 ]
     1>c:\program files\wt 3.3.2 msvs2012 x86\include\wt\wenvironment(663): warning C4251: 'Wt::WEnvironment::host_' : class 'std::basic_string<_Elem,_Traits,_Alloc>' needs to have dll-interface to be used by clients of class 'Wt::WEnvironment'
                 with
                 [
                     _Elem=char,
                     _Traits=std::char_traits<char>,
                     _Alloc=std::allocator<char>
                 ]
     1>c:\program files\wt 3.3.2 msvs2012 x86\include\wt\wenvironment(664): warning C4251: 'Wt::WEnvironment::userAgent_' : class 'std::basic_string<_Elem,_Traits,_Alloc>' needs to have dll-interface to be used by clients of class 'Wt::WEnvironment'
                 with
                 [
                     _Elem=char,
                     _Traits=std::char_traits<char>,
                     _Alloc=std::allocator<char>
                 ]
     1>c:\program files\wt 3.3.2 msvs2012 x86\include\wt\wenvironment(665): warning C4251: 'Wt::WEnvironment::urlScheme_' : class 'std::basic_string<_Elem,_Traits,_Alloc>' needs to have dll-interface to be used by clients of class 'Wt::WEnvironment'
                 with
                 [
                     _Elem=char,
                     _Traits=std::char_traits<char>,
                     _Alloc=std::allocator<char>
                 ]
     1>c:\program files\wt 3.3.2 msvs2012 x86\include\wt\wenvironment(666): warning C4251: 'Wt::WEnvironment::referer_' : class 'std::basic_string<_Elem,_Traits,_Alloc>' needs to have dll-interface to be used by clients of class 'Wt::WEnvironment'
                 with
                 [
                     _Elem=char,
                     _Traits=std::char_traits<char>,
                     _Alloc=std::allocator<char>
                 ]
     1>c:\program files\wt 3.3.2 msvs2012 x86\include\wt\wenvironment(667): warning C4251: 'Wt::WEnvironment::accept_' : class 'std::basic_string<_Elem,_Traits,_Alloc>' needs to have dll-interface to be used by clients of class 'Wt::WEnvironment'
                 with
                 [
                     _Elem=char,
                     _Traits=std::char_traits<char>,
                     _Alloc=std::allocator<char>
                 ]
     1>c:\program files\wt 3.3.2 msvs2012 x86\include\wt\wenvironment(668): warning C4251: 'Wt::WEnvironment::serverSignature_' : class 'std::basic_string<_Elem,_Traits,_Alloc>' needs to have dll-interface to be used by clients of class 'Wt::WEnvironment'
                 with
                 [
                     _Elem=char,
                     _Traits=std::char_traits<char>,
                     _Alloc=std::allocator<char>
                 ]
     1>c:\program files\wt 3.3.2 msvs2012 x86\include\wt\wenvironment(669): warning C4251: 'Wt::WEnvironment::serverSoftware_' : class 'std::basic_string<_Elem,_Traits,_Alloc>' needs to have dll-interface to be used by clients of class 'Wt::WEnvironment'
                 with
                 [
                     _Elem=char,
                     _Traits=std::char_traits<char>,
                     _Alloc=std::allocator<char>
                 ]
     1>c:\program files\wt 3.3.2 msvs2012 x86\include\wt\wenvironment(670): warning C4251: 'Wt::WEnvironment::serverAdmin_' : class 'std::basic_string<_Elem,_Traits,_Alloc>' needs to have dll-interface to be used by clients of class 'Wt::WEnvironment'
                 with
                 [
                     _Elem=char,
                     _Traits=std::char_traits<char>,
                     _Alloc=std::allocator<char>
                 ]
     1>c:\program files\wt 3.3.2 msvs2012 x86\include\wt\wenvironment(671): warning C4251: 'Wt::WEnvironment::clientAddress_' : class 'std::basic_string<_Elem,_Traits,_Alloc>' needs to have dll-interface to be used by clients of class 'Wt::WEnvironment'
                 with
                 [
                     _Elem=char,
                     _Traits=std::char_traits<char>,
                     _Alloc=std::allocator<char>
                 ]
     1>c:\program files\wt 3.3.2 msvs2012 x86\include\wt\wenvironment(672): warning C4251: 'Wt::WEnvironment::pathInfo_' : class 'std::basic_string<_Elem,_Traits,_Alloc>' needs to have dll-interface to be used by clients of class 'Wt::WEnvironment'
                 with
                 [
                     _Elem=char,
                     _Traits=std::char_traits<char>,
                     _Alloc=std::allocator<char>
                 ]
     1>c:\program files\wt 3.3.2 msvs2012 x86\include\wt\wenvironment(673): warning C4251: 'Wt::WEnvironment::internalPath_' : class 'std::basic_string<_Elem,_Traits,_Alloc>' needs to have dll-interface to be used by clients of class 'Wt::WEnvironment'
                 with
                 [
                     _Elem=char,
                     _Traits=std::char_traits<char>,
                     _Alloc=std::allocator<char>
                 ]
     1>c:\program files\wt 3.3.2 msvs2012 x86\include\wt\wenvironment(674): warning C4251: 'Wt::WEnvironment::publicDeploymentPath_' : class 'std::basic_string<_Elem,_Traits,_Alloc>' needs to have dll-interface to be used by clients of class 'Wt::WEnvironment'
                 with
                 [
                     _Elem=char,
                     _Traits=std::char_traits<char>,
                     _Alloc=std::allocator<char>
                 ]
     1>c:\program files\wt 3.3.2 msvs2012 x86\include\wt\json\value(640): warning C4251: 'Wt::Json::Value::v_' : class 'boost::any' needs to have dll-interface to be used by clients of class 'Wt::Json::Value'
                 c:\program files\wt 3.3.2 msvs2012 x86\include\boost\any.hpp(36) : see declaration of 'boost::any'
     1>c:\program files\wt 3.3.2 msvs2012 x86\include\wt\http\message(70): warning C4251: 'Wt::Http::Message::Header::name_' : class 'std::basic_string<_Elem,_Traits,_Alloc>' needs to have dll-interface to be used by clients of class 'Wt::Http::Message::Header'
                 with
                 [
                     _Elem=char,
                     _Traits=std::char_traits<char>,
                     _Alloc=std::allocator<char>
                 ]
     1>c:\program files\wt 3.3.2 msvs2012 x86\include\wt\http\message(70): warning C4251: 'Wt::Http::Message::Header::value_' : class 'std::basic_string<_Elem,_Traits,_Alloc>' needs to have dll-interface to be used by clients of class 'Wt::Http::Message::Header'
                 with
                 [
                     _Elem=char,
                     _Traits=std::char_traits<char>,
                     _Alloc=std::allocator<char>
                 ]
     1>c:\program files\wt 3.3.2 msvs2012 x86\include\wt\http\message(148): warning C4251: 'Wt::Http::Message::headers_' : class 'std::vector<_Ty>' needs to have dll-interface to be used by clients of class 'Wt::Http::Message'
                 with
                 [
                     _Ty=Wt::Http::Message::Header
                 ]
     1>c:\program files\wt 3.3.2 msvs2012 x86\include\wt\http\client(337): warning C4251: 'Wt::Http::Client::impl_' : class 'boost::shared_ptr<T>' needs to have dll-interface to be used by clients of class 'Wt::Http::Client'
                 with
                 [
                     T=Wt::Http::Client::Impl
                 ]
     1>c:\program files\wt 3.3.2 msvs2012 x86\include\wt\http\client(340): warning C4251: 'Wt::Http::Client::verifyFile_' : class 'std::basic_string<_Elem,_Traits,_Alloc>' needs to have dll-interface to be used by clients of class 'Wt::Http::Client'
                 with
                 [
                     _Elem=char,
                     _Traits=std::char_traits<char>,
                     _Alloc=std::allocator<char>
                 ]
     1>c:\program files\wt 3.3.2 msvs2012 x86\include\wt\http\client(340): warning C4251: 'Wt::Http::Client::verifyPath_' : class 'std::basic_string<_Elem,_Traits,_Alloc>' needs to have dll-interface to be used by clients of class 'Wt::Http::Client'
                 with
                 [
                     _Elem=char,
                     _Traits=std::char_traits<char>,
                     _Alloc=std::allocator<char>
                 ]
     1>c:\program files\wt 3.3.2 msvs2012 x86\include\wt\http\client(341): warning C4251: 'Wt::Http::Client::done_' : class 'Wt::Signal<A1,A2>' needs to have dll-interface to be used by clients of class 'Wt::Http::Client'
                 with
                 [
                     A1=boost::system::error_code,
                     A2=Wt::Http::Message
                 ]
       Link:
         C:\Program Files\Microsoft Visual Studio 11.0\VC\bin\link.exe /ERRORREPORT:PROMPT /OUT:"C:\Users\Mark Tertishniy\Documents\Visual Studio 2012\Projects\MonsterQuest\MonsterQuest\Debug\MonsterQuest.exe" /INCREMENTAL /NOLOGO /LIBPATH:"C:\Program Files\Wt 3.3.2 msvs2012 x86\lib" wtd.lib wthttpd.lib wtdbod.lib kernel32.lib user32.lib gdi32.lib winspool.lib comdlg32.lib advapi32.lib shell32.lib ole32.lib oleaut32.lib uuid.lib odbc32.lib odbccp32.lib /MANIFEST /MANIFESTUAC:"level='asInvoker' uiAccess='false'" /manifest:embed /DEBUG /PDB:"C:\Users\Mark Tertishniy\Documents\Visual Studio 2012\Projects\MonsterQuest\MonsterQuest\Debug\MonsterQuest.pdb" /SUBSYSTEM:CONSOLE /TLBID:1 /DYNAMICBASE /NXCOMPAT /IMPLIB:"C:\Users\Mark Tertishniy\Documents\Visual Studio 2012\Projects\MonsterQuest\MonsterQuest\Debug\MonsterQuest.lib" /MACHINE:X86 Debug\index.obj
         MonsterQuest.vcxproj -> C:\Users\Mark Tertishniy\Documents\Visual Studio 2012\Projects\MonsterQuest\MonsterQuest\Debug\MonsterQuest.exe
     1>Done Building Project "C:\Users\Mark Tertishniy\Documents\Visual Studio 2012\Projects\MonsterQuest\MonsterQuest\MonsterQuest.vcxproj" (Build target(s)).

Build succeeded.

Time Elapsed 00:00:12.86
